7/22/2026 1:55:17 PM	This log contains information about the import schema operation into project 'AngbandOS.PersistentStorage.Sql.Schema' on computer 'MARC-P70' by user 'Marc'.
7/22/2026 1:55:17 PM	Import of database schema has started.
7/22/2026 1:55:20 PM	Gathering database credentials
7/22/2026 1:55:20 PM	Gathering database options
7/22/2026 1:55:20 PM	Gathering generic database scoped configuration option
7/22/2026 1:55:20 PM	Gathering users
7/22/2026 1:55:20 PM	Gathering roles
7/22/2026 1:55:20 PM	Gathering application roles
7/22/2026 1:55:20 PM	Gathering role memberships
7/22/2026 1:55:20 PM	Gathering filegroups
7/22/2026 1:55:20 PM	Gathering full-text catalogs
7/22/2026 1:55:21 PM	Gathering assemblies
7/22/2026 1:55:21 PM	Gathering certificates
7/22/2026 1:55:21 PM	Gathering asymmetric keys
7/22/2026 1:55:21 PM	Gathering symmetric keys
7/22/2026 1:55:21 PM	Gathering encrypted symmetric keys
7/22/2026 1:55:21 PM	Gathering schemas
7/22/2026 1:55:21 PM	Gathering XML schema collections
7/22/2026 1:55:21 PM	Gathering user-defined data types
7/22/2026 1:55:21 PM	Gathering user-defined types
7/22/2026 1:55:21 PM	Gathering table types
7/22/2026 1:55:21 PM	Gathering unique keys for table types
7/22/2026 1:55:21 PM	Gathering primary keys for table types
7/22/2026 1:55:21 PM	Gathering indexes for table types
7/22/2026 1:55:21 PM	Gathering check constraints for table types
7/22/2026 1:55:21 PM	Gathering default constraints for table types
7/22/2026 1:55:21 PM	Gathering partition functions
7/22/2026 1:55:21 PM	Gathering partition schemes
7/22/2026 1:55:21 PM	Gathering functions
7/22/2026 1:55:21 PM	Gathering encrypted functions
7/22/2026 1:55:21 PM	Gathering aggregates
7/22/2026 1:55:21 PM	Gathering procedures
7/22/2026 1:55:21 PM	Gathering encrypted procedures
7/22/2026 1:55:21 PM	Gathering tables
7/22/2026 1:55:21 PM	Gathering primary keys
7/22/2026 1:55:21 PM	Gathering unique constraints
7/22/2026 1:55:21 PM	Gathering foreign keys
7/22/2026 1:55:21 PM	Gathering default constraints
7/22/2026 1:55:21 PM	Gathering check constraints
7/22/2026 1:55:21 PM	Gathering views
7/22/2026 1:55:21 PM	Gathering encrypted views
7/22/2026 1:55:21 PM	Gathering indexes
7/22/2026 1:55:21 PM	Gathering statistics
7/22/2026 1:55:21 PM	Gathering full-text index stoplists
7/22/2026 1:55:21 PM	Gathering search property lists
7/22/2026 1:55:21 PM	Gathering search properties
7/22/2026 1:55:21 PM	Gathering full-text indexes
7/22/2026 1:55:21 PM	Gathering column store indexes
7/22/2026 1:55:21 PM	Gathering spatial indexes
7/22/2026 1:55:21 PM	Gathering XML indexes
7/22/2026 1:55:21 PM	Gathering Selective XML indexes
7/22/2026 1:55:21 PM	Gathering encrypted triggers
7/22/2026 1:55:21 PM	Gathering triggers
7/22/2026 1:55:21 PM	Gathering encrypted and clr ddl triggers
7/22/2026 1:55:21 PM	Gathering ddl triggers
7/22/2026 1:55:21 PM	Creating edge constraints
7/22/2026 1:55:21 PM	Gathering synonyms
7/22/2026 1:55:21 PM	Gathering defaults
7/22/2026 1:55:21 PM	Gathering data constraint uddt bindings
7/22/2026 1:55:21 PM	Gathering rules
7/22/2026 1:55:21 PM	Gathering data constraint uddt bindings
7/22/2026 1:55:21 PM	Gathering message types
7/22/2026 1:55:21 PM	Gathering queues
7/22/2026 1:55:21 PM	Gathering contracts
7/22/2026 1:55:21 PM	Gathering services
7/22/2026 1:55:21 PM	Gathering event notifications
7/22/2026 1:55:21 PM	Gathering remote service bindings
7/22/2026 1:55:21 PM	Gathering broker priorities
7/22/2026 1:55:21 PM	Gathering signatures
7/22/2026 1:55:21 PM	Gathering compression options
7/22/2026 1:55:21 PM	Gathering sequence types
7/22/2026 1:55:21 PM	Gathering security policies
7/22/2026 1:55:21 PM	Gather column encryption keys
7/22/2026 1:55:21 PM	Gathering column master keys
7/22/2026 1:55:21 PM	Gathering external data sources
7/22/2026 1:55:21 PM	Gathering external file formats
7/22/2026 1:55:21 PM	Gathering external tables
7/22/2026 1:55:21 PM	Gathering XML index compression options
7/22/2026 1:55:21 PM	Gathering extended properties
7/22/2026 1:55:21 PM	Gathering assemblies
7/22/2026 1:55:22 PM	Scanning project for duplicate elements
7/22/2026 1:55:22 PM	Finished duplicate element processing
7/22/2026 1:55:22 PM	Finished importing database.
7/22/2026 1:55:22 PM	A summary of the import was saved to the following location: D:\Programming\AngbandOS\AngbandOS.PersistentStorage.Sql.Schema\Import Schema Logs\AngbandOS.Persistent_20260722055517.log
7/22/2026 1:55:22 PM	Click Finish to continue...
